\BOOKMARK [0][-]{chapter.1}{\376\377\000I\000n\000t\000r\000o\000d\000u\000c\000t\000i\000o\000n}{}% 1
\BOOKMARK [0][-]{chapter.2}{\376\377\000G\000o\000a\000l\000s}{}% 2
\BOOKMARK [1][-]{section.2.1}{\376\377\000H\000o\000u\000s\000e\000\040\000o\000v\000e\000r\000v\000i\000e\000w}{chapter.2}% 3
\BOOKMARK [1][-]{section.2.2}{\376\377\000N\000e\000t\000w\000o\000r\000k}{chapter.2}% 4
\BOOKMARK [1][-]{section.2.3}{\376\377\000N\000A\000S\000\040\000d\000u\000t\000i\000e\000s}{chapter.2}% 5
\BOOKMARK [1][-]{section.2.4}{\376\377\000T\000h\000r\000e\000a\000t\000\040\000a\000s\000s\000e\000s\000s\000m\000e\000n\000t}{chapter.2}% 6
\BOOKMARK [1][-]{section.2.5}{\376\377\000N\000A\000S\000\040\000o\000v\000e\000r\000v\000i\000e\000w}{chapter.2}% 7
\BOOKMARK [0][-]{chapter.3}{\376\377\000H\000a\000r\000d\000w\000a\000r\000e}{}% 8
\BOOKMARK [1][-]{section.3.1}{\376\377\000M\000o\000t\000h\000e\000r\000b\000o\000a\000r\000d}{chapter.3}% 9
\BOOKMARK [1][-]{section.3.2}{\376\377\000D\000r\000i\000v\000e\000s}{chapter.3}% 10
\BOOKMARK [1][-]{section.3.3}{\376\377\000E\000x\000t\000r\000a\000\040\000c\000o\000o\000l\000i\000n\000g\000\040\000f\000a\000n}{chapter.3}% 11
\BOOKMARK [1][-]{section.3.4}{\376\377\000O\000t\000h\000e\000r\000\040\000h\000a\000r\000d\000w\000a\000r\000e}{chapter.3}% 12
\BOOKMARK [1][-]{section.3.5}{\376\377\000I\000P\000M\000I}{chapter.3}% 13
\BOOKMARK [1][-]{section.3.6}{\376\377\000B\000I\000O\000S}{chapter.3}% 14
\BOOKMARK [1][-]{section.3.7}{\376\377\000L\000S\000I\000\040\000i\000n\000t\000e\000r\000f\000a\000c\000e}{chapter.3}% 15
\BOOKMARK [0][-]{chapter.4}{\376\377\000U\000b\000u\000n\000t\000u\000\040\000S\000e\000r\000v\000e\000r}{}% 16
\BOOKMARK [1][-]{section.4.1}{\376\377\000M\000e\000m\000o\000r\000y\000\040\000T\000e\000s\000t}{chapter.4}% 17
\BOOKMARK [1][-]{section.4.2}{\376\377\000B\000a\000s\000i\000c\000\040\000i\000n\000s\000t\000a\000l\000l\000a\000t\000i\000o\000n}{chapter.4}% 18
\BOOKMARK [0][-]{chapter.5}{\376\377\000L\000i\000v\000e\000p\000a\000t\000c\000h}{}% 19
\BOOKMARK [1][-]{section.5.1}{\376\377\000L\000i\000n\000k\000s}{chapter.5}% 20
\BOOKMARK [0][-]{chapter.6}{\376\377\000S\000e\000r\000v\000i\000c\000e\000s}{}% 21
\BOOKMARK [1][-]{section.6.1}{\376\377\000m\000D\000N\000S\000\040\000\050\000A\000v\000a\000h\000i\000\051}{chapter.6}% 22
\BOOKMARK [1][-]{section.6.2}{\376\377\000N\000e\000t\000w\000o\000r\000k}{chapter.6}% 23
\BOOKMARK [1][-]{section.6.3}{\376\377\000S\000S\000H}{chapter.6}% 24
\BOOKMARK [0][-]{chapter.7}{\376\377\000U\000s\000e\000r\000s}{}% 25
\BOOKMARK [0][-]{chapter.8}{\376\377\000M\000a\000i\000l}{}% 26
\BOOKMARK [1][-]{section.8.1}{\376\377\000L\000i\000n\000k\000s}{chapter.8}% 27
\BOOKMARK [0][-]{chapter.9}{\376\377\000S\000M\000A\000R\000T}{}% 28
\BOOKMARK [1][-]{section.9.1}{\376\377\000L\000i\000n\000k\000s}{chapter.9}% 29
\BOOKMARK [0][-]{chapter.10}{\376\377\000U\000P\000S}{}% 30
\BOOKMARK [1][-]{section.10.1}{\376\377\000L\000i\000n\000k\000s}{chapter.10}% 31
\BOOKMARK [0][-]{chapter.11}{\376\377\000Z\000F\000S}{}% 32
\BOOKMARK [1][-]{section.11.1}{\376\377\000T\000h\000e\000\040\000c\000u\000r\000r\000e\000n\000t\000\040\000s\000e\000t\000u\000p}{chapter.11}% 33
\BOOKMARK [1][-]{section.11.2}{\376\377\000E\000m\000a\000i\000l\000\040\000n\000o\000t\000i\000f\000i\000c\000a\000t\000i\000o\000n\000s}{chapter.11}% 34
\BOOKMARK [0][-]{chapter.12}{\376\377\000C\000o\000n\000t\000a\000i\000n\000e\000r\000s}{}% 35
\BOOKMARK [1][-]{section.12.1}{\376\377\000G\000l\000a\000n\000c\000e\000s}{chapter.12}% 36
\BOOKMARK [1][-]{section.12.2}{\376\377\000E\000m\000b\000y}{chapter.12}% 37
\BOOKMARK [1][-]{section.12.3}{\376\377\000W\000a\000t\000c\000h\000t\000o\000w\000e\000r}{chapter.12}% 38
\BOOKMARK [1][-]{section.12.4}{\376\377\000T\000i\000m\000e\000\040\000M\000a\000c\000h\000i\000n\000e}{chapter.12}% 39
\BOOKMARK [1][-]{section.12.5}{\376\377\000L\000i\000n\000k\000s}{chapter.12}% 40
\BOOKMARK [0][-]{chapter.13}{\376\377\000N\000F\000S}{}% 41
\BOOKMARK [1][-]{section.13.1}{\376\377\000L\000i\000n\000k\000s}{chapter.13}% 42
\BOOKMARK [0][-]{chapter.14}{\376\377\000S\000n\000a\000p\000s\000h\000o\000t\000s}{}% 43
\BOOKMARK [1][-]{section.14.1}{\376\377\000D\000e\000l\000e\000t\000i\000n\000g\000\040\000s\000n\000a\000p\000s\000h\000o\000t\000s}{chapter.14}% 44
\BOOKMARK [0][-]{chapter.15}{\376\377\000R\000s\000y\000n\000c}{}% 45
\BOOKMARK [1][-]{section.15.1}{\376\377\000L\000i\000n\000k\000s}{chapter.15}% 46
\BOOKMARK [0][-]{chapter.16}{\376\377\000F\000i\000r\000e\000w\000a\000l\000l}{}% 47
\BOOKMARK [1][-]{section.16.1}{\376\377\000L\000i\000n\000k\000s}{chapter.16}% 48
\BOOKMARK [0][-]{chapter.17}{\376\377\000T\000e\000s\000t\000s}{}% 49
\BOOKMARK [1][-]{section.17.1}{\376\377\000L\000i\000n\000k\000s}{chapter.17}% 50
\BOOKMARK [0][-]{chapter.18}{\376\377\000S\000p\000e\000e\000d}{}% 51
\BOOKMARK [1][-]{section.18.1}{\376\377\000S\000u\000m\000m\000a\000r\000y}{chapter.18}% 52
\BOOKMARK [1][-]{section.18.2}{\376\377\000L\000i\000n\000k\000s}{chapter.18}% 53
\BOOKMARK [0][-]{chapter.19}{\376\377\000I\000n\000d\000i\000c\000e\000s\000\040\000a\000n\000d\000\040\000t\000a\000b\000l\000e\000s}{}% 54
